<?xml version="1.0" encoding="UTF-8"?>
<!-- Generated by org.testng.reporters.JUnitXMLReporter -->
<testsuite hostname="UnworldlySachin" ignored="0" name="Default test" tests="3" failures="0" timestamp="18 Apr 2017 13:10:00 GMT" time="15.476" errors="0">
  <testcase name="openGuru" time="6.416" classname="testNG.DummyTest"/>
  <testcase name="loginGuru" time="2.238" classname="testNG.DummyTest"/>
  <testcase name="addNewCustomer" time="6.714" classname="testNG.DummyTest"/>
</testsuite> <!-- Default test -->
